[2017-07-07 15:25:49] Text error: Сторінку не знайдено | File: C:\xampp\htdocs\framephp\vendor\core\Router.php | String: 88 
=========
[2017-07-07 15:25:49] Text error: Сторінку не знайдено | File: C:\xampp\htdocs\framephp\vendor\core\Router.php | String: 88 
=========
[2017-07-07 15:27:47] Text error: Сторінку не знайдено | File: C:\xampp\htdocs\framephp\vendor\core\Router.php | String: 88 
=========
[2017-07-07 15:28:02] Text error: Сторінку не знайдено | File: C:\xampp\htdocs\framephp\vendor\core\Router.php | String: 88 
=========
[2017-07-07 15:28:58] Text error: Undefined variable: test | File: C:\xampp\htdocs\framephp\app\controllers\MainController.php | String: 24 
=========
[2017-07-08 14:53:49] Text error: Сторінку не знайдено | File: C:\xampp\htdocs\framephp\vendor\core\Router.php | String: 88 
=========
[2017-07-08 14:53:49] Text error: Сторінку не знайдено | File: C:\xampp\htdocs\framephp\vendor\core\Router.php | String: 88 
=========
[2017-07-10 17:37:26] Text error: Сторінку не знайдено | File: C:\xampp\htdocs\framephp\vendor\core\Router.php | String: 88 
=========
[2017-07-10 17:37:26] Text error: Сторінку не знайдено | File: C:\xampp\htdocs\framephp\vendor\core\Router.php | String: 88 
=========
[2017-07-20 18:15:44] Text error: Сторінку не знайдено | File: C:\xampp\htdocs\framephp\vendor\core\Router.php | String: 88 
=========
[2017-07-20 18:15:44] Text error: Сторінку не знайдено | File: C:\xampp\htdocs\framephp\vendor\core\Router.php | String: 88 
=========
[2017-07-20 22:06:39] Text error: require(C:\xampp\htdocs\framephp\app\views\Main/menu/select.php): failed to open stream: No such file or directory | File: C:\xampp\htdocs\framephp\vendor\widgets\menu\Menu.php | String: 67 
=========
[2017-07-22 10:26:13] Text error: require(C:\xampp\htdocs\framephp\app\views\Main/menu/select.php): failed to open stream: No such file or directory | File: C:\xampp\htdocs\framephp\vendor\widgets\menu\Menu.php | String: 67 
=========
[2017-07-22 10:26:13] Text error: Сторінку не знайдено | File: C:\xampp\htdocs\framephp\vendor\core\Router.php | String: 88 
=========
[2017-07-22 10:26:13] Text error: Сторінку не знайдено | File: C:\xampp\htdocs\framephp\vendor\core\Router.php | String: 88 
=========
[2017-07-22 10:26:13] Text error: require(C:\xampp\htdocs\framephp\app\views\Main/menu/select.php): failed to open stream: No such file or directory | File: C:\xampp\htdocs\framephp\vendor\widgets\menu\Menu.php | String: 67 
=========
[2017-07-22 10:47:32] Text error: require(C:\xampp\htdocs\framephp\app\views\Main/menu/select.php): failed to open stream: No such file or directory | File: C:\xampp\htdocs\framephp\vendor\widgets\menu\Menu.php | String: 67 
=========
[2017-07-22 10:47:34] Text error: require(C:\xampp\htdocs\framephp\app\views\Main/menu/select.php): failed to open stream: No such file or directory | File: C:\xampp\htdocs\framephp\vendor\widgets\menu\Menu.php | String: 67 
=========
[2017-07-22 11:38:31] Text error: Use of undefined constant key - assumed 'key' | File: C:\xampp\htdocs\framephp\vendor\widgets\menu\Menu.php | String: 47 
=========
[2017-07-22 11:38:55] Text error: syntax error, unexpected ':', expecting ',' or ')' | File: C:\xampp\htdocs\framephp\vendor\widgets\menu\Menu.php | String: 47 
=========
[2017-07-22 11:43:57] Text error: syntax error, unexpected ':', expecting ',' or ')' | File: C:\xampp\htdocs\framephp\vendor\widgets\menu\Menu.php | String: 47 
=========
[2017-07-22 11:43:59] Text error: syntax error, unexpected ':', expecting ',' or ')' | File: C:\xampp\htdocs\framephp\vendor\widgets\menu\Menu.php | String: 47 
=========
[2017-07-22 11:44:09] Text error: syntax error, unexpected ':', expecting ',' or ')' | File: C:\xampp\htdocs\framephp\vendor\widgets\menu\Menu.php | String: 47 
=========
[2017-07-22 13:46:32] Text error: Контролер <b>app\controllers\AdminController</b> не існує | File: C:\xampp\htdocs\framephp\vendor\core\Router.php | String: 83 
=========
[2017-07-22 13:55:31] Text error: Контролер <b>app\controllers\AdminController</b> не існує | File: C:\xampp\htdocs\framephp\vendor\core\Router.php | String: 83 
=========
[2017-07-22 13:57:18] Text error: Контролер <b>app\controllers\AdminController</b> не існує | File: C:\xampp\htdocs\framephp\vendor\core\Router.php | String: 83 
=========
[2017-07-22 14:35:16] Text error: Контролер <b>app\controllers\UserController</b> не існує | File: C:\xampp\htdocs\framephp\vendor\core\Router.php | String: 83 
=========
[2017-07-22 14:36:30] Text error: Контролер <b>app\controllers\TestController</b> не існує | File: C:\xampp\htdocs\framephp\vendor\core\Router.php | String: 83 
=========
[2017-07-22 14:36:39] Text error: Контролер <b>app\controllers\UserController</b> не існує | File: C:\xampp\htdocs\framephp\vendor\core\Router.php | String: 83 
=========
[2017-07-22 15:23:02] Text error: Контролер <b>app\controllers\UserController</b> не існує | File: C:\xampp\htdocs\framephp\vendor\core\Router.php | String: 85 
=========
[2017-07-22 15:23:39] Text error: Контролер <b>app\controllers\TestController</b> не існує | File: C:\xampp\htdocs\framephp\vendor\core\Router.php | String: 85 
=========
[2017-07-22 15:24:50] Text error: Контролер <b>app\controllers\TestController</b> не існує | File: C:\xampp\htdocs\framephp\vendor\core\Router.php | String: 85 
=========
[2017-07-22 15:25:17] Text error: Контролер <b>app\controllers\TestController</b> не існує | File: C:\xampp\htdocs\framephp\vendor\core\Router.php | String: 85 
=========
[2017-07-22 15:25:23] Text error: Контролер <b>app\controllers\TestController</b> не існує | File: C:\xampp\htdocs\framephp\vendor\core\Router.php | String: 85 
=========
[2017-07-22 15:25:36] Text error: Контролер <b>app\controllers\TestController</b> не існує | File: C:\xampp\htdocs\framephp\vendor\core\Router.php | String: 85 
=========
[2017-07-22 15:31:20] Text error: Контролер <b>app\controllers\TestController</b> не існує | File: C:\xampp\htdocs\framephp\vendor\core\Router.php | String: 90 
=========
[2017-07-22 15:32:17] Text error: Контролер <b>app\controllers\TestController</b> не існує | File: C:\xampp\htdocs\framephp\vendor\core\Router.php | String: 90 
=========
[2017-07-22 15:33:08] Text error: Контролер <b>app\controllers\TestController</b> не існує | File: C:\xampp\htdocs\framephp\vendor\core\Router.php | String: 90 
=========
[2017-07-22 15:36:15] Text error: Контролер <b>app\controllers\TestController</b> не існує | File: C:\xampp\htdocs\framephp\vendor\core\Router.php | String: 90 
=========
[2017-07-22 15:39:47] Text error: Контролер <b>app\controllers\admin\TestController</b> не існує | File: C:\xampp\htdocs\framephp\vendor\core\Router.php | String: 90 
=========
[2017-07-22 16:09:11] Text error: Метод <b>app\controllers\admin\TestController::viewAction</b> не знайдено | File: C:\xampp\htdocs\framephp\vendor\core\Router.php | String: 86 
=========
[2017-07-22 16:47:38] Text error: Class 'vendor\core\base\Exception' not found | File: C:\xampp\htdocs\framephp\vendor\core\base\View.php | String: 62 
=========
[2017-07-22 16:48:17] Text error: <p>Не знайдено вид <b>C:\xampp\htdocs\framephp/app/views/admin\Test/test.php</b></p> | File: C:\xampp\htdocs\framephp\vendor\core\base\View.php | String: 62 
=========
[2017-07-22 16:49:46] Text error: <p>Не знайдено вид <b>C:\xampp\htdocs\framephp/app/views/admin\Test/test.php</b></p> | File: C:\xampp\htdocs\framephp\vendor\core\base\View.php | String: 62 
=========
[2017-07-22 16:49:47] Text error: <p>Не знайдено вид <b>C:\xampp\htdocs\framephp/app/views/admin\Test/test.php</b></p> | File: C:\xampp\htdocs\framephp\vendor\core\base\View.php | String: 62 
=========
[2017-07-22 16:51:52] Text error: <p>Не знайдено вид <b>C:\xampp\htdocs\framephp/app/views/admin\Test/test.php</b></p> | File: C:\xampp\htdocs\framephp\vendor\core\base\View.php | String: 62 
=========
[2017-07-22 17:39:43] Text error: Undefined variable: test | File: C:\xampp\htdocs\framephp\app\views\admin\User\index.php | String: 3 
=========
